23:40:36 INFO  : Registering command handlers for SDK TCF services
23:40:36 INFO  : Launching XSCT server: xsct.bat -interactive C:\LAB\TP_EC2022_hw\TP_EC2022_test9\TP_EC2022_test9.sdk\temp_xsdb_launch_script.tcl
23:40:38 INFO  : XSCT server has started successfully.
23:40:39 INFO  : Successfully done setting XSCT server connection channel  
23:40:39 INFO  : Successfully done setting SDK workspace  
23:40:39 INFO  : Processing command line option -hwspec C:/LAB/TP_EC2022_hw/TP_EC2022_test9/TP_EC2022_test9.sdk/design_1_wrapper.hdf.
23:42:11 INFO  : Inferring section assignments and sizes from elf file: C:\LAB\TP_EC2022_hw\TP_EC2022_test9\TP_EC2022_test9.sdk\16pt\Debug\16pt.elf
23:42:19 INFO  : Successfully generated C:\LAB\TP_EC2022_hw\TP_EC2022_test9\TP_EC2022_test9.sdk\16pt\src\lscript.ld.
23:42:19 INFO  : Applying linker script to all configurations of project 16pt.
23:42:19 INFO  : Setting rebuild state to true for all configurations of project 16pt.
23:42:22 INFO  : Connected to target on host '127.0.0.1' and port '3121'.
23:42:22 INFO  : 'targets -set -filter {jtag_cable_name =~ "Digilent Zybo Z7 210351A8236CA" && level==0} -index 1' command is executed.
23:42:24 INFO  : FPGA configured successfully with bitstream "C:/LAB/TP_EC2022_hw/TP_EC2022_test9/TP_EC2022_test9.sdk/design_1_wrapper_hw_platform_0/design_1_wrapper.bit"
23:42:35 INFO  : 'targets -set -filter {jtag_cable_name =~ "Digilent Zybo Z7 210351A8236CA" && level==0} -index 1' command is executed.
23:42:35 INFO  : 'fpga -state' command is executed.
23:42:35 INFO  : Connected to target on host '127.0.0.1' and port '3121'.
23:42:35 INFO  : Jtag cable 'Digilent Zybo Z7 210351A8236CA' is selected.
23:42:35 INFO  : 'jtag frequency' command is executed.
23:42:35 INFO  : Sourcing of 'C:/LAB/TP_EC2022_hw/TP_EC2022_test9/TP_EC2022_test9.sdk/design_1_wrapper_hw_platform_0/ps7_init.tcl' is done.
23:42:35 INFO  : Context for 'APU' is selected.
23:42:35 INFO  : Hardware design information is loaded from 'C:/LAB/TP_EC2022_hw/TP_EC2022_test9/TP_EC2022_test9.sdk/design_1_wrapper_hw_platform_0/system.hdf'.
23:42:35 INFO  : 'configparams force-mem-access 1' command is executed.
23:42:35 INFO  : Context for 'APU' is selected.
23:42:35 INFO  : 'stop' command is executed.
23:42:35 INFO  : 'ps7_init' command is executed.
23:42:35 INFO  : 'ps7_post_config' command is executed.
23:42:35 INFO  : Context for processor 'ps7_cortexa9_0' is selected.
23:42:35 INFO  : Processor reset is completed for 'ps7_cortexa9_0'.
23:42:35 INFO  : Context for processor 'ps7_cortexa9_0' is selected.
23:42:36 INFO  : The application 'C:/LAB/TP_EC2022_hw/TP_EC2022_test9/TP_EC2022_test9.sdk/16pt/Debug/16pt.elf' is downloaded to processor 'ps7_cortexa9_0'.
23:42:36 INFO  : 'configparams force-mem-access 0' command is executed.
23:42:36 INFO  : ----------------XSDB Script----------------
connect -url tcp:127.0.0.1:3121
source C:/LAB/TP_EC2022_hw/TP_EC2022_test9/TP_EC2022_test9.sdk/design_1_wrapper_hw_platform_0/ps7_init.tcl
targets -set -nocase -filter {name =~"APU*" && jtag_cable_name =~ "Digilent Zybo Z7 210351A8236CA"} -index 0
loadhw -hw C:/LAB/TP_EC2022_hw/TP_EC2022_test9/TP_EC2022_test9.sdk/design_1_wrapper_hw_platform_0/system.hdf -mem-ranges [list {0x40000000 0xbfffffff}]
configparams force-mem-access 1
targets -set -nocase -filter {name =~"APU*" && jtag_cable_name =~ "Digilent Zybo Z7 210351A8236CA"} -index 0
stop
ps7_init
ps7_post_config
targets -set -nocase -filter {name =~ "ARM*#0" && jtag_cable_name =~ "Digilent Zybo Z7 210351A8236CA"} -index 0
rst -processor
targets -set -nocase -filter {name =~ "ARM*#0" && jtag_cable_name =~ "Digilent Zybo Z7 210351A8236CA"} -index 0
dow C:/LAB/TP_EC2022_hw/TP_EC2022_test9/TP_EC2022_test9.sdk/16pt/Debug/16pt.elf
configparams force-mem-access 0
----------------End of Script----------------

23:42:36 INFO  : Memory regions updated for context APU
23:42:36 INFO  : Context for processor 'ps7_cortexa9_0' is selected.
23:42:36 INFO  : 'con' command is executed.
23:42:36 INFO  : ----------------XSDB Script (After Launch)----------------
targets -set -nocase -filter {name =~ "ARM*#0" && jtag_cable_name =~ "Digilent Zybo Z7 210351A8236CA"} -index 0
con
----------------End of Script----------------

23:42:36 INFO  : Launch script is exported to file 'C:\LAB\TP_EC2022_hw\TP_EC2022_test9\TP_EC2022_test9.sdk\.sdk\launch_scripts\xilinx_c-c++_application_(system_debugger)\system_debugger_using_debug_16pt.elf_on_local.tcl'
23:47:49 INFO  : Disconnected from the channel tcfchan#1.
